\BOOKMARK [0][-]{chapter*.2}{Introdu\347\343o}{}% 1
\BOOKMARK [1][-]{section*.3}{Breve Hist\363rico da Computa\347\343o Qu\342ntica}{chapter*.2}% 2
\BOOKMARK [1][-]{section*.4}{Motiva\347\343o para a Computa\347\343o Qu\342ntica}{chapter*.2}% 3
\BOOKMARK [1][-]{section*.5}{Sobre o TCC}{chapter*.2}% 4
\BOOKMARK [0][-]{chapter.1}{\301lgebra Linear para Computa\347\343o Qu\342ntica}{}% 5
\BOOKMARK [1][-]{section.1.1}{Espa\347o Vetorial, Base e Dimens\343o}{chapter.1}% 6
\BOOKMARK [2][-]{subsection.1.1.1}{Espa\347o Vetorial}{section.1.1}% 7
\BOOKMARK [2][-]{subsection.1.1.2}{Base e Dimens\343o}{section.1.1}% 8
\BOOKMARK [2][-]{subsection.1.1.3}{Matriz de Mudan\347a de Base}{section.1.1}% 9
\BOOKMARK [1][-]{section.1.2}{Produto Interno, Norma e Produto Exterior}{chapter.1}% 10
\BOOKMARK [2][-]{subsection.1.2.1}{Produto Interno}{section.1.2}% 11
\BOOKMARK [2][-]{subsection.1.2.2}{Norma}{section.1.2}% 12
\BOOKMARK [2][-]{subsection.1.2.3}{Ortogonalidade}{section.1.2}% 13
\BOOKMARK [2][-]{subsection.1.2.4}{Base Ortonormal}{section.1.2}% 14
\BOOKMARK [2][-]{subsection.1.2.5}{Desigualdade de Cauchy-Schwarz}{section.1.2}% 15
\BOOKMARK [2][-]{subsection.1.2.6}{Matriz de Mudan\347a de Base entre Bases Ortonormais}{section.1.2}% 16
\BOOKMARK [2][-]{subsection.1.2.7}{Produto Exterior}{section.1.2}% 17
\BOOKMARK [1][-]{section.1.3}{Transforma\347\365es Lineares}{chapter.1}% 18
\BOOKMARK [2][-]{subsection.1.3.1}{Transforma\347\343o Linear e Operador Linear}{section.1.3}% 19
\BOOKMARK [2][-]{subsection.1.3.2}{Funcional Linear}{section.1.3}% 20
\BOOKMARK [2][-]{subsection.1.3.3}{Proje\347\343o e Rela\347\343o de Completude}{section.1.3}% 21
\BOOKMARK [2][-]{subsection.1.3.4}{Defini\347\343o de uma Transforma\347\343o Linear nos Elementos da Base}{section.1.3}% 22
\BOOKMARK [2][-]{subsection.1.3.5}{Matriz de uma Transforma\347\343o Linear}{section.1.3}% 23
\BOOKMARK [2][-]{subsection.1.3.6}{Matriz da Composi\347\343o de Transforma\347\365es Lineares}{section.1.3}% 24
\BOOKMARK [2][-]{subsection.1.3.7}{Mudan\347a de Base}{section.1.3}% 25
\BOOKMARK [1][-]{section.1.4}{Autovalores, Autovetores e Decomposi\347\343o Espectral}{chapter.1}% 26
\BOOKMARK [2][-]{subsection.1.4.1}{Autovalores e Autovetores}{section.1.4}% 27
\BOOKMARK [2][-]{subsection.1.4.2}{C\341lculo de Autovalores}{section.1.4}% 28
\BOOKMARK [2][-]{subsection.1.4.3}{C\341lculo de Autovetores}{section.1.4}% 29
\BOOKMARK [2][-]{subsection.1.4.4}{Diagonaliza\347\343o de Operadores}{section.1.4}% 30
\BOOKMARK [1][-]{section.1.5}{Tipos Especiais de Operadores}{chapter.1}% 31
\BOOKMARK [2][-]{subsection.1.5.1}{Operador Adjunto}{section.1.5}% 32
\BOOKMARK [2][-]{subsection.1.5.2}{Operadores Normais}{section.1.5}% 33
\BOOKMARK [2][-]{subsection.1.5.3}{Operadores Hermitianos ou Autoadjuntos}{section.1.5}% 34
\BOOKMARK [2][-]{subsection.1.5.4}{Operadores Unit\341rios}{section.1.5}% 35
\BOOKMARK [2][-]{subsection.1.5.5}{Operadores Positivos}{section.1.5}% 36
\BOOKMARK [2][-]{subsection.1.5.6}{Operadores de Proje\347\343o}{section.1.5}% 37
\BOOKMARK [2][-]{subsection.1.5.7}{Resumo}{section.1.5}% 38
\BOOKMARK [1][-]{section.1.6}{Produto Tensorial}{chapter.1}% 39
\BOOKMARK [2][-]{subsection.1.6.1}{Espa\347o Vetorial do Produto Tensorial}{section.1.6}% 40
\BOOKMARK [2][-]{subsection.1.6.2}{Compara\347\343o do Produto Tensorial com o Produto Cartesiano}{section.1.6}% 41
\BOOKMARK [2][-]{subsection.1.6.3}{Produto Interno}{section.1.6}% 42
\BOOKMARK [2][-]{subsection.1.6.4}{Operadores}{section.1.6}% 43
\BOOKMARK [2][-]{subsection.1.6.5}{Produto de Kronecker}{section.1.6}% 44
\BOOKMARK [2][-]{subsection.1.6.6}{Produto Tensorial de V\341rios Espa\347os Vetoriais}{section.1.6}% 45
\BOOKMARK [2][-]{subsection.1.6.7}{Nota\347\343o}{section.1.6}% 46
\BOOKMARK [0][-]{chapter.2}{Introdu\347\343o \340 Mec\342nica Qu\342ntica}{}% 47
\BOOKMARK [1][-]{section.2.1}{Postulados da Mec\342nica Qu\342ntica}{chapter.2}% 48
\BOOKMARK [2][-]{subsection.2.1.1}{Descri\347\343o de um Sistema F\355sico}{section.2.1}% 49
\BOOKMARK [2][-]{subsection.2.1.2}{Evolu\347\343o Temporal de um Sistema F\355sico}{section.2.1}% 50
\BOOKMARK [2][-]{subsection.2.1.3}{Medidas em Sistemas F\355sicos}{section.2.1}% 51
\BOOKMARK [2][-]{subsection.2.1.4}{Valor esperado de um Observ\341vel}{section.2.1}% 52
\BOOKMARK [2][-]{subsection.2.1.5}{Sistemas Compostos}{section.2.1}% 53
\BOOKMARK [1][-]{section.2.2}{Matrizes de Pauli}{chapter.2}% 54
\BOOKMARK [2][-]{subsection.2.2.1}{Defini\347\343o}{section.2.2}% 55
\BOOKMARK [2][-]{subsection.2.2.2}{Propriedades}{section.2.2}% 56
\BOOKMARK [2][-]{subsection.2.2.3}{Autovalores, Autovetores e Diagonaliza\347\343o}{section.2.2}% 57
\BOOKMARK [1][-]{section.2.3}{Estados de Bell}{chapter.2}% 58
\BOOKMARK [0][-]{chapter.3}{Computa\347\343o Qu\342ntica}{}% 59
\BOOKMARK [1][-]{section.3.1}{Computa\347\343o Qu\342ntica de Circuitos}{chapter.3}% 60
\BOOKMARK [1][-]{section.3.2}{O Qubit}{chapter.3}% 61
\BOOKMARK [2][-]{subsection.3.2.1}{Descri\347\343o Matem\341tica do Qubit}{section.3.2}% 62
\BOOKMARK [2][-]{subsection.3.2.2}{Fase Relativa e Fase Global}{section.3.2}% 63
\BOOKMARK [2][-]{subsection.3.2.3}{Representa\347\343o de um Qubit na Esfera de Bloch}{section.3.2}% 64
\BOOKMARK [2][-]{subsection.3.2.4}{Justificativas para a se\347\343o anterior}{section.3.2}% 65
\BOOKMARK [1][-]{section.3.3}{Nota\347\343o de Circuitos}{chapter.3}% 66
\BOOKMARK [1][-]{section.3.4}{Portas L\363gicas Qu\342nticas}{chapter.3}% 67
\BOOKMARK [2][-]{subsection.3.4.1}{Portas L\363gicas de 1 Qubit}{section.3.4}% 68
\BOOKMARK [2][-]{subsection.3.4.2}{Portas L\363gicas de 2 Qubits}{section.3.4}% 69
\BOOKMARK [2][-]{subsection.3.4.3}{Portas L\363gicas de 3 Qubits}{section.3.4}% 70
\BOOKMARK [1][-]{section.3.5}{Identidades de Circuitos}{chapter.3}% 71
\BOOKMARK [1][-]{section.3.6}{Universalidade das Portas L\363gicas Qu\342nticas}{chapter.3}% 72
\BOOKMARK [2][-]{subsection.3.6.1}{Universalidade de Portas L\363gicas na Computa\347\343o Cl\341ssica Revers\355vel}{section.3.6}% 73
\BOOKMARK [2][-]{subsection.3.6.2}{Universalidade de Portas L\363gicas na Computa\347\343o Qu\342ntica}{section.3.6}% 74
\BOOKMARK [1][-]{section.3.7}{Teorema da N\343o-Clonagem}{chapter.3}% 75
\BOOKMARK [0][-]{chapter.4}{Panorama Atual da Computa\347\343o Qu\342ntica}{}% 76
\BOOKMARK [1][-]{section.4.1}{Expectativas de Mercado}{chapter.4}% 77
\BOOKMARK [1][-]{section.4.2}{Empresas e Desenvolvimentos Atuais}{chapter.4}% 78
\BOOKMARK [0][-]{chapter.5}{Computa\347\343o Qu\342ntica com IBM Quantum Experience}{}% 79
\BOOKMARK [1][-]{section.5.1}{IBM Quantum Experience}{chapter.5}% 80
\BOOKMARK [2][-]{subsection.5.1.1}{Computadores Dispon\355veis}{section.5.1}% 81
\BOOKMARK [2][-]{subsection.5.1.2}{Como Programar}{section.5.1}% 82
\BOOKMARK [2][-]{subsection.5.1.3}{Informativos e Guias de Usu\341rio}{section.5.1}% 83
\BOOKMARK [1][-]{section.5.2}{Circuito Quantum Half Adder}{chapter.5}% 84
\BOOKMARK [2][-]{subsection.5.2.1}{Projeto do Circuito}{section.5.2}% 85
\BOOKMARK [2][-]{subsection.5.2.2}{Simula\347\343o do Circuito no IBM QX}{section.5.2}% 86
\BOOKMARK [2][-]{subsection.5.2.3}{Execu\347\343o do Circuito no IBM QX}{section.5.2}% 87
\BOOKMARK [0][-]{chapter.6}{Protocolos e Algoritmos Qu\342nticos}{}% 88
\BOOKMARK [1][-]{section.6.1}{Codifica\347\343o Superdensa}{chapter.6}% 89
\BOOKMARK [2][-]{subsection.6.1.1}{Vis\343o geral}{section.6.1}% 90
\BOOKMARK [2][-]{subsection.6.1.2}{Circuito}{section.6.1}% 91
\BOOKMARK [2][-]{subsection.6.1.3}{Funcionamento Detalhado}{section.6.1}% 92
\BOOKMARK [1][-]{section.6.2}{Circuito de Teletransporte}{chapter.6}% 93
\BOOKMARK [2][-]{subsection.6.2.1}{Vis\343o Geral}{section.6.2}% 94
\BOOKMARK [2][-]{subsection.6.2.2}{Circuito}{section.6.2}% 95
\BOOKMARK [2][-]{subsection.6.2.3}{Funcionamento Detalhado}{section.6.2}% 96
\BOOKMARK [1][-]{section.6.3}{Or\341culos Qu\342nticos}{chapter.6}% 97
\BOOKMARK [2][-]{subsection.6.3.1}{Or\341culo XOR}{section.6.3}% 98
\BOOKMARK [2][-]{subsection.6.3.2}{Or\341culo de Fase}{section.6.3}% 99
\BOOKMARK [2][-]{subsection.6.3.3}{Constru\347\343o do Or\341culo de Fase usando o Or\341culo XOR}{section.6.3}% 100
\BOOKMARK [1][-]{section.6.4}{Algoritmo de Deutsch-Jozsa}{chapter.6}% 101
\BOOKMARK [2][-]{subsection.6.4.1}{Problema de Deutsch-Jozsa}{section.6.4}% 102
\BOOKMARK [2][-]{subsection.6.4.2}{Algoritmo de Deutsch-Jozsa}{section.6.4}% 103
\BOOKMARK [2][-]{subsection.6.4.3}{Algoritmo Cl\341ssico}{section.6.4}% 104
\BOOKMARK [2][-]{subsection.6.4.4}{Compara\347\343o de Desempenho}{section.6.4}% 105
\BOOKMARK [1][-]{section.6.5}{Algoritmo de Simon}{chapter.6}% 106
\BOOKMARK [2][-]{subsection.6.5.1}{Problema de Simon}{section.6.5}% 107
\BOOKMARK [2][-]{subsection.6.5.2}{Algoritmo de Simon}{section.6.5}% 108
\BOOKMARK [2][-]{subsection.6.5.3}{Algoritmo Cl\341ssico}{section.6.5}% 109
\BOOKMARK [2][-]{subsection.6.5.4}{Compara\347\343o de Desempenho}{section.6.5}% 110
\BOOKMARK [1][-]{section.6.6}{Algoritmo de Busca de Grover}{chapter.6}% 111
\BOOKMARK [2][-]{subsection.6.6.1}{Problema de Grover}{section.6.6}% 112
\BOOKMARK [2][-]{subsection.6.6.2}{Algoritmo de Grover}{section.6.6}% 113
\BOOKMARK [2][-]{subsection.6.6.3}{Algoritmo Cl\341ssico}{section.6.6}% 114
\BOOKMARK [2][-]{subsection.6.6.4}{Compara\347\343o de Desempenho}{section.6.6}% 115
\BOOKMARK [1][-]{section.6.7}{Algoritmo de Bernstein-Vazirani}{chapter.6}% 116
\BOOKMARK [2][-]{subsection.6.7.1}{Problema de Bernstein-Vazirani}{section.6.7}% 117
\BOOKMARK [2][-]{subsection.6.7.2}{Algoritmo de Bernstein-Vazirani \(vers\343o XOR\)}{section.6.7}% 118
\BOOKMARK [2][-]{subsection.6.7.3}{Algoritmo de Bernstein-Vazirani \(vers\343o fase\)}{section.6.7}% 119
\BOOKMARK [2][-]{subsection.6.7.4}{Algoritmo Cl\341ssico}{section.6.7}% 120
\BOOKMARK [2][-]{subsection.6.7.5}{Compara\347\343o de Desempenho}{section.6.7}% 121
\BOOKMARK [1][-]{section.6.8}{Transformada de Fourier Qu\342ntica - QFT}{chapter.6}% 122
\BOOKMARK [2][-]{subsection.6.8.1}{Transformada Discreta de Fourier - DFT}{section.6.8}% 123
\BOOKMARK [2][-]{subsection.6.8.2}{Defini\347\343o e Exemplos}{section.6.8}% 124
\BOOKMARK [2][-]{subsection.6.8.3}{Propriedades da QFT}{section.6.8}% 125
\BOOKMARK [2][-]{subsection.6.8.4}{Circuito para QFT}{section.6.8}% 126
\BOOKMARK [2][-]{subsection.6.8.5}{Algumas aplica\347\365es}{section.6.8}% 127
\BOOKMARK [1][-]{section.6.9}{Algoritmo de Shor}{chapter.6}% 128
\BOOKMARK [0][-]{chapter*.71}{Conclus\343o}{}% 129
\BOOKMARK [1][-]{section*.72}{Considera\347\365es Finais}{chapter*.71}% 130
\BOOKMARK [1][-]{section*.73}{Perspectivas}{chapter*.71}% 131
\BOOKMARK [0][-]{section*.73}{Bibliografia}{}% 132
\BOOKMARK [0][-]{appendix.A}{Elementos de Computa\347\343o Cl\341ssica}{}% 133
\BOOKMARK [1][-]{section.A.1}{Introdu\347\343o}{appendix.A}% 134
\BOOKMARK [1][-]{section.A.2}{N\355veis de Abstra\347\343o}{appendix.A}% 135
\BOOKMARK [1][-]{section.A.3}{N\355vel L\363gico}{appendix.A}% 136
\BOOKMARK [2][-]{subsection.A.3.1}{\301lgebra Booleana}{section.A.3}% 137
\BOOKMARK [2][-]{subsection.A.3.2}{Portas L\363gicas}{section.A.3}% 138
\BOOKMARK [2][-]{subsection.A.3.3}{Teoremas da \301lgebra Booleana}{section.A.3}% 139
\BOOKMARK [2][-]{subsection.A.3.4}{Universalidade das Portas L\363gicas Cl\341ssicas}{section.A.3}% 140
\BOOKMARK [2][-]{subsection.A.3.5}{Somadores e Unidade L\363gica/Aritm\351tica}{section.A.3}% 141
