mktexpk --mfmode / --bdpi 600 --mag 1+0/600 --dpi 600 delta_connes_kreimer_planar
mktexpk --mfmode / --bdpi 600 --mag 1+0/600 --dpi 600 tfourthreeII
mktexpk --mfmode / --bdpi 600 --mag 1+0/600 --dpi 600 tfourthreeII
mktexpk --mfmode / --bdpi 600 --mag 1+0/600 --dpi 600 tfourthreeII
mktexpk --mfmode / --bdpi 600 --mag 1+0/600 --dpi 600 tfourthreeII
mktexpk --mfmode / --bdpi 600 --mag 1+0/600 --dpi 600 tfourthreeII
mktexpk --mfmode / --bdpi 600 --mag 1+0/600 --dpi 600 tfourthreeII
mktexpk --mfmode / --bdpi 600 --mag 1+0/600 --dpi 600 tfourthreeII
mktexpk --mfmode / --bdpi 600 --mag 1+0/600 --dpi 600 tfourthreeII
mktexpk --mfmode / --bdpi 600 --mag 1+0/600 --dpi 600 tfourthreeII
mktexpk --mfmode / --bdpi 600 --mag 1+0/600 --dpi 600 tfourthreeII
mktexpk --mfmode / --bdpi 600 --mag 1+0/600 --dpi 600 tfourthreeII
mktexpk --mfmode / --bdpi 600 --mag 1+0/600 --dpi 600 tfourthree
mktexpk --mfmode / --bdpi 600 --mag 1+0/600 --dpi 600 tfourthreeII
mktexpk --mfmode / --bdpi 600 --mag 1+0/600 --dpi 600 tfourthreeII
mktexpk --mfmode / --bdpi 600 --mag 1+0/600 --dpi 600 tfourthreeII
mktexpk --mfmode / --bdpi 600 --mag 1+0/600 --dpi 600 formula_grupo_permutacao_que_fixa_aresta_3
mktexpk --mfmode / --bdpi 600 --mag 1+0/600 --dpi 600 teorema_panaite_9
mktexpk --mfmode / --bdpi 600 --mag 1+0/600 --dpi 600 teorema_panaite_9
mktexpk --mfmode / --bdpi 600 --mag 1+0/600 --dpi 600 teorema_panaite_9
mktexpk --mfmode / --bdpi 600 --mag 1+0/600 --dpi 600 teorema_panaite_9
mktexpk --mfmode / --bdpi 600 --mag 1+0/600 --dpi 600 teorema_panaite_8
mktexpk --mfmode / --bdpi 600 --mag 1+0/600 --dpi 600 teorema_panaite_8
mktexpk --mfmode / --bdpi 600 --mag 1+0/600 --dpi 600 teorema_panaite_8
mktexpk --mfmode / --bdpi 600 --mag 1+0/600 --dpi 600 tfourthreeII
mktexpk --mfmode / --bdpi 600 --mag 1+0/600 --dpi 600 tfourthreeII
mktexpk --mfmode / --bdpi 600 --mag 1+0/600 --dpi 600 tfourthreeII
mktexpk --mfmode / --bdpi 600 --mag 1+0/600 --dpi 600 tfourthreeII
